<?xml version="1.0" encoding="UTF-8"?>
<!-- Generated by org.testng.reporters.JUnitReportReporter -->
<testsuite hostname="DESKTOP-ECHASIQ" failures="0" tests="3" name="pac1.Lab13_repo_xmlTest" time="10.088" errors="0" timestamp="2025-08-22T17:54:59 IST" skipped="0">
  <testcase classname="pac1.Lab13_repo_xmlTest" name="testPageTitle" time="0.032"/>
  <testcase classname="pac1.Lab13_repo_xmlTest" name="testMacSection" time="3.488"/>
  <testcase classname="pac1.Lab13_repo_xmlTest" name="testSearchFunctionality" time="6.568"/>
</testsuite> <!-- pac1.Lab13_repo_xmlTest -->
