<?xml version="1.0" encoding="UTF-8"?>
<!-- Generated by org.testng.reporters.JUnitReportReporter -->
<testsuite hostname="DESKTOP-ECHASIQ" failures="0" tests="3" name="pac1.Lab11_testNg" time="12.240" errors="0" timestamp="2025-08-20T10:51:55 IST" skipped="0">
  <testcase classname="pac1.Lab11_testNg" name="testPageTitle" time="0.019"/>
  <testcase classname="pac1.Lab11_testNg" name="testMacSection" time="4.334"/>
  <testcase classname="pac1.Lab11_testNg" name="testSearchFunctionality" time="7.887"/>
</testsuite> <!-- pac1.Lab11_testNg -->
