<?xml version="1.0" encoding="UTF-8"?>
<!-- Generated by org.testng.reporters.JUnitReportReporter -->
<testsuite hostname="DESKTOP-ECHASIQ" failures="0" tests="6" name="pac1.Lab15_TestNG" time="100.557" errors="0" timestamp="2025-08-22T15:59:06 IST" skipped="0">
  <testcase classname="pac1.Lab15_TestNG" name="f" time="17.620"/>
  <testcase classname="pac1.Lab15_TestNG" name="f" time="15.885"/>
  <testcase classname="pac1.Lab15_TestNG" name="f" time="20.562"/>
  <testcase classname="pac1.Lab15_TestNG" name="f" time="15.513"/>
  <testcase classname="pac1.Lab15_TestNG" name="f" time="15.068"/>
  <testcase classname="pac1.Lab15_TestNG" name="f" time="15.909"/>
</testsuite> <!-- pac1.Lab15_TestNG -->
