<?xml version="1.0" encoding="UTF-8"?>
<!-- Generated by org.testng.reporters.JUnitReportReporter -->
<testsuite hostname="DESKTOP-ECHASIQ" failures="0" tests="3" name="pac1.TC0014" time="220.696" errors="0" timestamp="2025-08-19T09:54:28 IST" skipped="0">
  <testcase classname="pac1.TC0014" name="test2" time="18.296"/>
  <testcase classname="pac1.TC0014" name="test2" time="80.891"/>
  <testcase classname="pac1.TC0014" name="test2" time="121.509"/>
</testsuite> <!-- pac1.TC0014 -->
