<?xml version="1.0" encoding="UTF-8"?>
<!-- Generated by org.testng.reporters.JUnitReportReporter -->
<testsuite hostname="DESKTOP-ECHASIQ" failures="0" tests="6" name="pac1.Lab14TestNG" time="123.610" errors="0" timestamp="2025-08-21T11:31:11 IST" skipped="0">
  <testcase classname="pac1.Lab14TestNG" name="f" time="13.735"/>
  <testcase classname="pac1.Lab14TestNG" name="f" time="19.073"/>
  <testcase classname="pac1.Lab14TestNG" name="f" time="16.824"/>
  <testcase classname="pac1.Lab14TestNG" name="f" time="14.185"/>
  <testcase classname="pac1.Lab14TestNG" name="f" time="46.258"/>
  <testcase classname="pac1.Lab14TestNG" name="f" time="13.535"/>
</testsuite> <!-- pac1.Lab14TestNG -->
