<?xml version="1.0" encoding="UTF-8"?>
<!-- Generated by org.testng.reporters.JUnitReportReporter -->
<testsuite hostname="DESKTOP-ECHASIQ" failures="0" tests="6" name="pac1.Lab9_L3_L4Test" time="40.073" errors="0" timestamp="2025-08-19T14:59:39 IST" skipped="0">
  <testcase classname="pac1.Lab9_L3_L4Test" name="testPageTitle" time="0.105"/>
  <testcase classname="pac1.Lab9_L3_L4Test" name="testPageTitle" time="0.523"/>
  <testcase classname="pac1.Lab9_L3_L4Test" name="testMacSection" time="6.873"/>
  <testcase classname="pac1.Lab9_L3_L4Test" name="testMacSection" time="20.114"/>
  <testcase classname="pac1.Lab9_L3_L4Test" name="testSearchFunctionality" time="6.015"/>
  <testcase classname="pac1.Lab9_L3_L4Test" name="testSearchFunctionality" time="6.443"/>
</testsuite> <!-- pac1.Lab9_L3_L4Test -->
