<?xml version="1.0" encoding="UTF-8"?>
<!-- Generated by org.testng.reporters.JUnitReportReporter -->
<testsuite hostname="DESKTOP-ECHASIQ" failures="0" tests="3" name="pac1.Login_csvTest" time="40.812" errors="0" timestamp="2025-08-22T15:40:29 IST" skipped="0">
  <testcase classname="pac1.Login_csvTest" name="f" time="13.751"/>
  <testcase classname="pac1.Login_csvTest" name="f" time="13.374"/>
  <testcase classname="pac1.Login_csvTest" name="f" time="13.687"/>
</testsuite> <!-- pac1.Login_csvTest -->
