<?xml version="1.0" encoding="UTF-8"?>
<!-- Generated by org.testng.reporters.JUnitReportReporter -->
<testsuite hostname="DESKTOP-ECHASIQ" failures="0" tests="2" name="pac1.Login_xmlTest" time="44.312" errors="0" timestamp="2025-08-22T15:28:25 IST" skipped="0">
  <testcase classname="pac1.Login_xmlTest" name="f" time="12.926"/>
  <testcase classname="pac1.Login_xmlTest" name="f" time="31.386"/>
</testsuite> <!-- pac1.Login_xmlTest -->
