<?xml version="1.0" encoding="UTF-8"?>
<!-- Generated by org.testng.reporters.JUnitReportReporter -->
<testsuite hostname="DESKTOP-ECHASIQ" failures="0" tests="3" name="pac1.Lab11_testNg_pageFactory" time="9.651" errors="0" timestamp="2025-08-20T11:59:42 IST" skipped="0">
  <testcase classname="pac1.Lab11_testNg_pageFactory" name="testPageTitle" time="0.018"/>
  <testcase classname="pac1.Lab11_testNg_pageFactory" name="testMacSection" time="3.671"/>
  <testcase classname="pac1.Lab11_testNg_pageFactory" name="testSearchFunctionality" time="5.962"/>
</testsuite> <!-- pac1.Lab11_testNg_pageFactory -->
