<?xml version="1.0" encoding="UTF-8"?>
<!-- Generated by org.testng.reporters.JUnitReportReporter -->
<testsuite hostname="DESKTOP-ECHASIQ" failures="0" tests="3" name="pac1.Lab8_L3_L4TestNg" time="9.612" errors="0" timestamp="2025-08-20T10:44:35 IST" skipped="0">
  <testcase classname="pac1.Lab8_L3_L4TestNg" name="testPageTitle" time="0.016"/>
  <testcase classname="pac1.Lab8_L3_L4TestNg" name="testMacSection" time="3.696"/>
  <testcase classname="pac1.Lab8_L3_L4TestNg" name="testSearchFunctionality" time="5.900"/>
</testsuite> <!-- pac1.Lab8_L3_L4TestNg -->
